[12071][1709793992028][main][info]["Booting Postman 10.23.9, linux-6.7.7-artix1-1 on x64"]
[12071][1709793992031][main][info]["EventBus~initialize - Success"]
[12071][1709793992033][main][info]["Proxy configuration has not been setup"]
[12071][1709793992034][main][info]["CloudProxyManager~init - Success"]
[12071][1709793992037][main][info]["performShellDataMigration: Starting shell data migration"]
[12071][1709793992038][main][info]["migrateShellData:Starting"]
[12071][1709793992049][main][info]["migrateShellData: Old storage cleaned up"]
[12071][1709793992200][main][info]["migrateShellData: Got data from shell. Writing to storage"]
[12071][1709793992204][main][info]["performShellDataMigration: Migration successful on try count 1"]
[12071][1709793992210][main][info]["UpdateHandler~init - Success"]
[12071][1709793992211][main][info]["LeaderSelection: Initialized successfully"]
[12071][1709793992212][main][info]["VersionDependencyService: Initialized successfully"]
[12071][1709793992221][main][info]["Generated root certificate for linux"]
[12071][1709793992223][main][info]["LinuxAutoUpdater~Cleanup - Initial cleanup successful"]
[12071][1709793992244][main][info]["GPU detected VID 4098 DID 5688 ACTIVE true"]
[12071][1709793992278][main][info]["shellController~init: Success"]
[12071][1709793992282][main][info]["shellMeta~init: Success"]
[12071][1709793992282][main][info]["partitionMigrationService: State of V7 partition:"]
[12071][1709793992282][main][info]["partitionMigrationService: V7 partitions",[]]
[12071][1709793992282][main][info]["partitionMigrationService~rectifyNamespaceOfScratchPadPartition: There is no partition with scratchpad namespace"]
[12071][1709793992282][main][info]["partitionMigrationService~rectifyNamespaceOfScratchPadPartition: There is no transit partition which could have been used for scratchpad"]
[12071][1709793992283][main][info]["partitionMigrationService~init: Success"]
[12071][1709793992285][main][info]["proxyCertificateService~ensureRootCAPresence: Deleting and creating new certificates"]
[12071][1709793992288][main][info]["partitionMigrationService~runV8PartitionsIntegrity: Two way migration~ removing the following partitions from v8",[]]
[12071][1709793992294][main][info]["userPartitionService~_rectifyTheActivePartitionOfApplication: Setting the active partition to ",null]
[12071][1709793992301][main][info]["userPartitionService~init: Success"]
[12071][1709793992312][main][info]["userPartitionService: State of v8 partition system:"]
[12071][1709793992315][main][info]["shell~init~getPartitionToLoad: loading scratchpad partition"]
[12071][1709793992316][main][info]["userPartitionService: List of partitions:",[]]
[12071][1709793992316][main][info]["userPartitionService: users global meta:",{}]
[12071][1709793993995][main][info]["RuntimeIPCAgent~started: Success"]
[12071][1709793994320][main][info]["Main~scratchpadThemeAction:: action: set, value: light"]
[12071][1709793994323][main][info]["Main~scratchpadThemeAction:: action: set, value: light"]
[12071][1709793994323][main][info]["Main~scratchpadThemeAction:: action: set, value: light"]
[12071][1709793994336][main][info]["UpdateHandler~app-update-events - Received event",{"name":"checkForElectronVersionUpdated","namespace":"appUpdate"}]
[12071][1709793994343][main][info]["windowManager: First requester booted successfully."]
[12071][1709793994343][main][info]["windowManager~restoreWindows: Restoring requester windows"]
[12071][1709793994343][main][info]["Main~AppEvents - Received booted event for process requester.Version undefined UI Version: undefined Desktop Platform Version: 10.23.9"]
[12071][1709793997942][main][info]["VersionDependencyService: Resetting UI version as user logged out/switched account"]
[12071][1709793997942][main][info]["Main - model-events~user - (users, add) received"]
[12071][1709793998161][main][error]["ProtocolHandler~setDefaultProtocolClient: Command failed: xdg-mime default Postman.desktop x-scheme-handler/postman\n/bin/sh: line 1: xdg-mime: command not found\n"]
[12071][1709793998178][main][warn]["AuthHandler~open: Current app is not default protocol client - Falling back to polling mechanism."]
[12071][1709794040674][main][info]["userPartitionService: State of v8 partition system:"]
[12071][1709794040679][main][info]["shell~init~getPartitionToLoad: loading scratchpad partition"]
[12071][1709794040681][main][info]["userPartitionService: List of partitions:",[{"partitionId":"3c95cf62-5b2b-4369-96bd-85a9ed594b34","namespace":"scratchPad","userId":0,"teamId":0,"isDirty":false}]]
[12071][1709794040681][main][info]["userPartitionService: users global meta:",{}]
[12071][1709794041947][main][info]["Main~scratchpadThemeAction:: action: set, value: light"]
[12071][1709794041949][main][info]["Main~scratchpadThemeAction:: action: set, value: light"]
[12071][1709794041949][main][info]["Main~scratchpadThemeAction:: action: set, value: light"]
[12071][1709794041967][main][info]["UpdateHandler~app-update-events - Received event",{"name":"checkForElectronVersionUpdated","namespace":"appUpdate"}]
[12071][1709794041975][main][info]["windowManager: First requester booted successfully."]
[12071][1709794041975][main][info]["windowManager~restoreWindows: Restoring requester windows"]
[12071][1709794041975][main][info]["Main~AppEvents - Received booted event for process requester.Version undefined UI Version: undefined Desktop Platform Version: 10.23.9"]
[12071][1709794044999][main][info]["WindowManager~closeHandler - Closed Window (id: 4 )"]
[12071][1709794045005][main][info]["Quitting app"]
[13884][1709794048499][main][info]["Booting Postman 10.23.9, linux-6.7.7-artix1-1 on x64"]
[13884][1709794048502][main][info]["EventBus~initialize - Success"]
[13884][1709794048504][main][info]["Proxy configuration has not been setup"]
[13884][1709794048504][main][info]["CloudProxyManager~init - Success"]
[13884][1709794048519][main][info]["performShellDataMigration: Migration has already been done. Bailing out"]
[13884][1709794048525][main][info]["UpdateHandler~init - Success"]
[13884][1709794048527][main][info]["LeaderSelection: Initialized successfully"]
[13884][1709794048528][main][info]["VersionDependencyService: Initialized successfully"]
[13884][1709794048533][main][info]["LinuxAutoUpdater~Cleanup - Initial cleanup successful"]
[13884][1709794048550][main][info]["GPU detected VID 4098 DID 5688 ACTIVE true"]
[13884][1709794048567][main][info]["shellController~init: Success"]
[13884][1709794048576][main][info]["shellMeta~init: Success"]
[13884][1709794048576][main][info]["partitionMigrationService: State of V7 partition:"]
[13884][1709794048577][main][info]["partitionMigrationService: V7 partitions",[]]
[13884][1709794048577][main][info]["partitionMigrationService~rectifyNamespaceOfScratchPadPartition: There is no partition with scratchpad namespace"]
[13884][1709794048577][main][info]["partitionMigrationService~rectifyNamespaceOfScratchPadPartition: There is no transit partition which could have been used for scratchpad"]
[13884][1709794048577][main][info]["partitionMigrationService~init: Success"]
[13884][1709794048584][main][info]["partitionMigrationService~runV8PartitionsIntegrity: Two way migration~ removing the following partitions from v8",[]]
[13884][1709794048589][main][info]["userPartitionService~_rectifyTheActivePartitionOfApplication: Setting the active partition to ",null]
[13884][1709794048596][main][info]["userPartitionService~init: Success"]
[13884][1709794048608][main][info]["userPartitionService: State of v8 partition system:"]
[13884][1709794048611][main][info]["shell~init~getPartitionToLoad: loading scratchpad partition"]
[13884][1709794048612][main][info]["userPartitionService: List of partitions:",[{"partitionId":"3c95cf62-5b2b-4369-96bd-85a9ed594b34","namespace":"scratchPad","userId":0,"teamId":0,"isDirty":false}]]
[13884][1709794048612][main][info]["userPartitionService: users global meta:",{}]
[13884][1709794050223][main][info]["RuntimeIPCAgent~started: Success"]
[13884][1709794050378][main][info]["Main~scratchpadThemeAction:: action: set, value: light"]
[13884][1709794050381][main][info]["Main~scratchpadThemeAction:: action: set, value: light"]
[13884][1709794050382][main][info]["Main~scratchpadThemeAction:: action: set, value: light"]
[13884][1709794050400][main][info]["UpdateHandler~app-update-events - Received event",{"name":"checkForElectronVersionUpdated","namespace":"appUpdate"}]
[13884][1709794050407][main][info]["windowManager: First requester booted successfully."]
[13884][1709794050407][main][info]["windowManager~restoreWindows: Restoring requester windows"]
[13884][1709794050407][main][info]["Main~AppEvents - Received booted event for process requester.Version undefined UI Version: undefined Desktop Platform Version: 10.23.9"]
[13884][1709794058330][main][info]["Quitting app"]
[17288][1709794170972][main][info]["Booting Postman 10.23.9, linux-6.7.7-artix1-1 on x64"]
[17288][1709794170975][main][info]["EventBus~initialize - Success"]
[17288][1709794170976][main][info]["Proxy configuration has not been setup"]
[17288][1709794170977][main][info]["CloudProxyManager~init - Success"]
[17288][1709794170991][main][info]["performShellDataMigration: Migration has already been done. Bailing out"]
[17288][1709794170996][main][info]["UpdateHandler~init - Success"]
[17288][1709794170998][main][info]["LeaderSelection: Initialized successfully"]
[17288][1709794170999][main][info]["VersionDependencyService: Initialized successfully"]
[17288][1709794171004][main][info]["LinuxAutoUpdater~Cleanup - Initial cleanup successful"]
[17288][1709794171020][main][info]["GPU detected VID 4098 DID 5688 ACTIVE true"]
[17288][1709794171034][main][info]["shellController~init: Success"]
[17288][1709794171065][main][info]["shellMeta~init: Success"]
[17288][1709794171065][main][info]["partitionMigrationService: State of V7 partition:"]
[17288][1709794171065][main][info]["partitionMigrationService: V7 partitions",[]]
[17288][1709794171066][main][info]["partitionMigrationService~rectifyNamespaceOfScratchPadPartition: There is no partition with scratchpad namespace"]
[17288][1709794171066][main][info]["partitionMigrationService~rectifyNamespaceOfScratchPadPartition: There is no transit partition which could have been used for scratchpad"]
[17288][1709794171066][main][info]["partitionMigrationService~init: Success"]
[17288][1709794171074][main][info]["partitionMigrationService~runV8PartitionsIntegrity: Two way migration~ removing the following partitions from v8",[]]
[17288][1709794171078][main][info]["userPartitionService~_rectifyTheActivePartitionOfApplication: Setting the active partition to ",null]
[17288][1709794171086][main][info]["userPartitionService~init: Success"]
[17288][1709794171099][main][info]["userPartitionService: State of v8 partition system:"]
[17288][1709794171101][main][info]["shell~init~getPartitionToLoad: loading scratchpad partition"]
[17288][1709794171103][main][info]["userPartitionService: List of partitions:",[{"partitionId":"3c95cf62-5b2b-4369-96bd-85a9ed594b34","namespace":"scratchPad","userId":0,"teamId":0,"isDirty":false}]]
[17288][1709794171103][main][info]["userPartitionService: users global meta:",{}]
[17288][1709794172715][main][info]["RuntimeIPCAgent~started: Success"]
[17288][1709794172847][main][info]["Main~scratchpadThemeAction:: action: set, value: light"]
[17288][1709794172849][main][info]["Main~scratchpadThemeAction:: action: set, value: light"]
[17288][1709794172849][main][info]["Main~scratchpadThemeAction:: action: set, value: light"]
[17288][1709794172866][main][info]["UpdateHandler~app-update-events - Received event",{"name":"checkForElectronVersionUpdated","namespace":"appUpdate"}]
[17288][1709794172873][main][info]["windowManager: First requester booted successfully."]
[17288][1709794172873][main][info]["windowManager~restoreWindows: Restoring requester windows"]
[17288][1709794172874][main][info]["Main~AppEvents - Received booted event for process requester.Version undefined UI Version: undefined Desktop Platform Version: 10.23.9"]
[17288][1709794173176][main][info]["WindowManager~closeHandler - Closed Window (id: 1 )"]
[17288][1709794173192][main][info]["Quitting app"]
[2597][1709824162927][main][info]["Booting Postman 10.23.9, linux-6.7.7-artix1-1 on x64"]
[2597][1709824162928][main][info]["EventBus~initialize - Success"]
[2597][1709824162930][main][info]["Proxy configuration has not been setup"]
[2597][1709824162931][main][info]["CloudProxyManager~init - Success"]
[2597][1709824162946][main][info]["performShellDataMigration: Migration has already been done. Bailing out"]
[2597][1709824162950][main][info]["UpdateHandler~init - Success"]
[2597][1709824162952][main][info]["LeaderSelection: Initialized successfully"]
[2597][1709824162952][main][info]["VersionDependencyService: Initialized successfully"]
[2597][1709824162958][main][info]["LinuxAutoUpdater~Cleanup - Initial cleanup successful"]
[2597][1709824162972][main][info]["GPU detected VID 4098 DID 5688 ACTIVE true"]
[2597][1709824162987][main][info]["shellController~init: Success"]
[2597][1709824162990][main][info]["shellMeta~init: Success"]
[2597][1709824162990][main][info]["partitionMigrationService: State of V7 partition:"]
[2597][1709824162990][main][info]["partitionMigrationService: V7 partitions",[]]
[2597][1709824162990][main][info]["partitionMigrationService~rectifyNamespaceOfScratchPadPartition: There is no partition with scratchpad namespace"]
[2597][1709824162991][main][info]["partitionMigrationService~rectifyNamespaceOfScratchPadPartition: There is no transit partition which could have been used for scratchpad"]
[2597][1709824162991][main][info]["partitionMigrationService~init: Success"]
[2597][1709824162995][main][info]["partitionMigrationService~runV8PartitionsIntegrity: Two way migration~ removing the following partitions from v8",[]]
[2597][1709824162999][main][info]["userPartitionService~_rectifyTheActivePartitionOfApplication: Setting the active partition to ",null]
[2597][1709824163004][main][info]["userPartitionService~init: Success"]
[2597][1709824163014][main][info]["userPartitionService: State of v8 partition system:"]
[2597][1709824163016][main][info]["shell~init~getPartitionToLoad: loading scratchpad partition"]
[2597][1709824163017][main][info]["userPartitionService: List of partitions:",[{"partitionId":"3c95cf62-5b2b-4369-96bd-85a9ed594b34","namespace":"scratchPad","userId":0,"teamId":0,"isDirty":false}]]
[2597][1709824163017][main][info]["userPartitionService: users global meta:",{}]
[2597][1709824164885][main][info]["RuntimeIPCAgent~started: Success"]
[2597][1709824164994][main][info]["Main~scratchpadThemeAction:: action: set, value: light"]
[2597][1709824164996][main][info]["Main~scratchpadThemeAction:: action: set, value: light"]
[2597][1709824164996][main][info]["Main~scratchpadThemeAction:: action: set, value: light"]
[2597][1709824165008][main][info]["UpdateHandler~app-update-events - Received event",{"name":"checkForElectronVersionUpdated","namespace":"appUpdate"}]
[2597][1709824165013][main][info]["windowManager: First requester booted successfully."]
[2597][1709824165013][main][info]["windowManager~restoreWindows: Restoring requester windows"]
[2597][1709824165013][main][info]["Main~AppEvents - Received booted event for process requester.Version undefined UI Version: undefined Desktop Platform Version: 10.23.9"]
[2597][1709824173009][main][info]["sendAnalytics: Error while sending request",{"errno":-3001,"code":"EAI_AGAIN","syscall":"getaddrinfo","hostname":"events.getpostman.com","name":"Error","message":"getaddrinfo EAI_AGAIN events.getpostman.com","stack":"Error: getaddrinfo EAI_AGAIN events.getpostman.com\n    at GetAddrInfoReqWrap.onlookup [as oncomplete] (node:dns:71:26)"}]
[2597][1709824173010][main][info]["sendAnalytics: Error while sending request",{"errno":-3001,"code":"EAI_AGAIN","syscall":"getaddrinfo","hostname":"events.getpostman.com","name":"Error","message":"getaddrinfo EAI_AGAIN events.getpostman.com","stack":"Error: getaddrinfo EAI_AGAIN events.getpostman.com\n    at GetAddrInfoReqWrap.onlookup [as oncomplete] (node:dns:71:26)"}]
[2597][1709824174815][main][info]["VersionDependencyService: Resetting UI version as user logged out/switched account"]
[2597][1709824174815][main][info]["Main - model-events~user - (users, add) received"]
[2597][1709824175015][main][error]["ProtocolHandler~setDefaultProtocolClient: Command failed: xdg-mime default Postman.desktop x-scheme-handler/postman\n/bin/sh: line 1: xdg-mime: command not found\n"]
[2597][1709824175032][main][warn]["AuthHandler~open: Current app is not default protocol client - Falling back to polling mechanism."]
[2597][1709824216582][main][info]["Shell~init~loginUser: associating the user ","25137464"," with transit partition"]
[2597][1709824216583][main][info]["userPartitionService~getNewPartitionId: creating a partition with userId and teamId as 0"]
[2597][1709824216601][main][info]["userPartitionService~associateTransitPartition: ",{"partitionId":"2ad13000-1b7d-4193-9e93-59a7478db2b9","context":{"namespace":"users","userId":"25137464","teamId":"0"}}]
[2597][1709824216613][main][info]["userPartitionService: State of v8 partition system:"]
[2597][1709824216617][main][info]["userPartitionService: List of partitions:",[{"partitionId":"2ad13000-1b7d-4193-9e93-59a7478db2b9","namespace":"users","userId":"25137464","teamId":"0","lastUpdated":"2024-03-07T15:10:16.601Z"},{"partitionId":"3c95cf62-5b2b-4369-96bd-85a9ed594b34","namespace":"scratchPad","userId":0,"teamId":0,"isDirty":false}]]
[2597][1709824216618][main][info]["userPartitionService: users global meta:",{}]
[2597][1709824221267][main][info]["Main~getRemoteInitPath:: "]
[2597][1709824221622][main][info]["Main - model-events~user - (user, update) received"]
[2597][1709824221623][main][info]["Main~reload: https://desktop.postman.com/?desktopVersion=10.23.9&userId=25137464&teamId=0"]
[2597][1709824221843][main][info]["UpdateHandler~app-update-events - Received event",{"name":"checkForElectronVersionUpdated","namespace":"appUpdate"}]
[2597][1709824221852][main][info]["windowManager: First requester booted successfully."]
[2597][1709824221853][main][info]["windowManager~restoreWindows: Restoring requester windows"]
[2597][1709824221853][main][info]["Main~AppEvents - Received booted event for process requester.Version 10.23.11 UI Version: 10.23.11-ui-240306-2308 Desktop Platform Version: 10.23.9"]
[2597][1709824221956][main][info]["Main~getRemoteInitPath:: "]
[2597][1709824222131][main][info]["Main~getPlatformLaunchPerfMetrics"]
[2597][1709824222250][main][info]["INTERCEPTOR CONNECTIVITY: Attempting to start websocket server on port 15611"]
[2597][1709824223998][main][info]["Main~getRemoteInitPath:: "]
[2597][1709824224351][main][info]["Main - model-events~user - (user, update) received"]
[2597][1709824224562][main][info]["UpdateHandler~app-update-events - Received event",{"name":"checkForElectronVersionUpdated","namespace":"appUpdate"}]
[2597][1709824224571][main][info]["Main~AppEvents - Received booted event for process requester.Version 10.23.11 UI Version: 10.23.11-ui-240306-2308 Desktop Platform Version: 10.23.9"]
[2597][1709824224634][main][info]["Main~getRemoteInitPath:: "]
[2597][1709824225420][main][info]["Main~getPlatformLaunchPerfMetrics"]
[2597][1709824225440][main][error]["Error while retrieving user key from keychain",{"name":"Error","message":"Unknown or unsupported transport “disabled” for address “disabled:”","stack":"Error: Unknown or unsupported transport “disabled” for address “disabled:”"}]
[2597][1709824225450][main][info]["Main - model-events~user - (user, bootstrapUser) received"]
[2597][1709824225450][main][info]["model-events~user - bootstrapUser received"]
[2597][1709824225458][main][info]["userPartitionService~associateTransitPartition: ",{"partitionId":"2ad13000-1b7d-4193-9e93-59a7478db2b9","context":{"namespace":"users","userId":"25137464","teamId":"0"}}]
[2597][1709824225469][main][info]["userPartitionService: State of v8 partition system:"]
[2597][1709824225472][main][info]["userPartitionService: List of partitions:",[{"partitionId":"2ad13000-1b7d-4193-9e93-59a7478db2b9","namespace":"users","userId":"25137464","teamId":"0","lastUpdated":"2024-03-07T15:10:25.458Z"},{"partitionId":"3c95cf62-5b2b-4369-96bd-85a9ed594b34","namespace":"scratchPad","userId":0,"teamId":0,"isDirty":false}]]
[2597][1709824225472][main][info]["userPartitionService: users global meta:",{}]
[2597][1709824225544][main][info]["Main - model-events~user - (user, bootstrapUser) received"]
[2597][1709824225545][main][info]["model-events~user - bootstrapUser received"]
[2597][1709824225553][main][info]["userPartitionService~associateTransitPartition: ",{"partitionId":"2ad13000-1b7d-4193-9e93-59a7478db2b9","context":{"namespace":"users","userId":"25137464","teamId":"0"}}]
[2597][1709824225573][main][info]["userPartitionService: State of v8 partition system:"]
[2597][1709824225577][main][info]["userPartitionService: List of partitions:",[{"partitionId":"2ad13000-1b7d-4193-9e93-59a7478db2b9","namespace":"users","userId":"25137464","teamId":"0","lastUpdated":"2024-03-07T15:10:25.553Z"},{"partitionId":"3c95cf62-5b2b-4369-96bd-85a9ed594b34","namespace":"scratchPad","userId":0,"teamId":0,"isDirty":false}]]
[2597][1709824225577][main][info]["userPartitionService: users global meta:",{}]
[2597][1709824241619][main][info]["WindowManager~closeHandler - Closed Window (id: 3 )"]
[2597][1709824241624][main][error]["Main~handleUncaughtError - Uncaught errors",{"name":"TypeError","message":"Cannot read properties of undefined (reading 'send')","stack":"TypeError: Cannot read properties of undefined (reading 'send')\n    at Object.sendMessageToInterceptor (/home/yossef/src/Postman/app/resources/app/services/websocketServer.js:144:10)\n    at Object.requesterWindowHandler (/home/yossef/src/Postman/app/resources/app/services/websocketServer.js:389:14)\n    at EventEmitter.emit (node:events:539:35)\n    at EventEmitter.emit (node:domain:475:12)\n    at _dispatch (/home/yossef/src/Postman/app/resources/app/common/_event-bus.js:256:14)\n    at EventBus._publish (/home/yossef/src/Postman/app/resources/app/common/_event-bus.js:207:9)\n    at Object.closedHandler (/home/yossef/src/Postman/app/resources/app/services/windowManager.js:1078:18)\n    at BrowserWindow.emit (node:events:527:28)\n    at BrowserWindow.emit (node:domain:475:12)"}]
[4777][1709876806525][main][info]["Booting Postman 10.23.9, linux-6.7.7-artix1-1 on x64"]
[4777][1709876806527][main][info]["EventBus~initialize - Success"]
[4777][1709876806529][main][info]["Proxy configuration has not been setup"]
[4777][1709876806529][main][info]["CloudProxyManager~init - Success"]
[4777][1709876806546][main][info]["performShellDataMigration: Migration has already been done. Bailing out"]
[4777][1709876806554][main][info]["UpdateHandler~init - Success"]
[4777][1709876806556][main][info]["LeaderSelection: Initialized successfully"]
[4777][1709876806557][main][info]["VersionDependencyService: Initialized successfully"]
[4777][1709876806564][main][info]["LinuxAutoUpdater~Cleanup - Initial cleanup successful"]
[4777][1709876806577][main][info]["GPU detected VID 4098 DID 5688 ACTIVE true"]
[4777][1709876806590][main][info]["shellController~init: Success"]
[4777][1709876806593][main][info]["shellMeta~init: Success"]
[4777][1709876806594][main][info]["partitionMigrationService: State of V7 partition:"]
[4777][1709876806594][main][info]["partitionMigrationService: V7 partitions",[]]
[4777][1709876806594][main][info]["partitionMigrationService~rectifyNamespaceOfScratchPadPartition: There is no partition with scratchpad namespace"]
[4777][1709876806594][main][info]["partitionMigrationService~rectifyNamespaceOfScratchPadPartition: There is no transit partition which could have been used for scratchpad"]
[4777][1709876806594][main][info]["partitionMigrationService~init: Success"]
[4777][1709876806602][main][info]["partitionMigrationService~runV8PartitionsIntegrity: Two way migration~ removing the following partitions from v8",[]]
[4777][1709876806604][main][info]["userPartitionService~getRecentV8UserPartition: recent v8 user context partition ","2ad13000-1b7d-4193-9e93-59a7478db2b9"]
[4777][1709876806605][main][info]["userPartitionService~_rectifyTheActivePartitionOfApplication: Setting the active partition to ","2ad13000-1b7d-4193-9e93-59a7478db2b9"]
[4777][1709876806625][main][info]["userPartitionService~init: Success"]
[4777][1709876806637][main][info]["userPartitionService: State of v8 partition system:"]
[4777][1709876806639][main][info]["shell~init~getPartitionToLoad: loading active partition"]
[4777][1709876806640][main][info]["userPartitionService: List of partitions:",[{"partitionId":"2ad13000-1b7d-4193-9e93-59a7478db2b9","namespace":"users","userId":"25137464","teamId":"0","lastUpdated":"2024-03-07T15:10:25.553Z"},{"partitionId":"3c95cf62-5b2b-4369-96bd-85a9ed594b34","namespace":"scratchPad","userId":0,"teamId":0,"isDirty":false}]]
[4777][1709876806640][main][info]["userPartitionService: users global meta:",{}]
[4777][1709876807874][main][info]["RuntimeIPCAgent~started: Success"]
[4777][1709876808751][main][info]["Main~getRemoteInitPath:: "]
[4777][1709876808911][main][info]["UpdateHandler~app-update-events - Received event",{"name":"checkForElectronVersionUpdated","namespace":"appUpdate"}]
[4777][1709876808922][main][info]["windowManager: First requester booted successfully."]
[4777][1709876808923][main][info]["windowManager~restoreWindows: Restoring requester windows"]
[4777][1709876808923][main][info]["Main~AppEvents - Received booted event for process requester.Version 10.23.11 UI Version: 10.23.11-ui-240306-2308 Desktop Platform Version: 10.23.9"]
[4777][1709876809019][main][info]["Main~getRemoteInitPath:: "]
[4777][1709876809449][main][info]["Main~getPlatformLaunchPerfMetrics"]
[4777][1709876810163][main][info]["INTERCEPTOR CONNECTIVITY: Attempting to start websocket server on port 15611"]
[4777][1709876810408][main][error]["Error while retrieving user key from keychain",{"name":"Error","message":"Unknown or unsupported transport “disabled” for address “disabled:”","stack":"Error: Unknown or unsupported transport “disabled” for address “disabled:”"}]
[4777][1709876810794][main][info]["Main - model-events~user - (user, bootstrapUser) received"]
[4777][1709876810795][main][info]["model-events~user - bootstrapUser received"]
[4777][1709876810803][main][info]["userPartitionService~associateTransitPartition: ",{"partitionId":"2ad13000-1b7d-4193-9e93-59a7478db2b9","context":{"namespace":"users","userId":"25137464","teamId":"0"}}]
[4777][1709876810815][main][info]["userPartitionService: State of v8 partition system:"]
[4777][1709876810818][main][info]["userPartitionService: List of partitions:",[{"partitionId":"2ad13000-1b7d-4193-9e93-59a7478db2b9","namespace":"users","userId":"25137464","teamId":"0","lastUpdated":"2024-03-08T05:46:50.803Z"},{"partitionId":"3c95cf62-5b2b-4369-96bd-85a9ed594b34","namespace":"scratchPad","userId":0,"teamId":0,"isDirty":false}]]
[4777][1709876810818][main][info]["userPartitionService: users global meta:",{}]
[4777][1709876897253][main][info]["Main ~ did-fail-load: Couldn't load the app.",{"isNavigationError":false,"errorUrl":"file:///api/todo/","errorCode":-6,"isSignedOutUser":false},-6,"ERR_FILE_NOT_FOUND",false]
[4777][1709878158970][main][error]["main~RefreshTokenManager~refreshToken: No Access Token Received"]
[4777][1709878207063][main][error]["main~RefreshTokenManager~refreshToken: No Access Token Received"]
[4777][1709878368138][main][error]["main~RefreshTokenManager~refreshToken: No Access Token Received"]
[4777][1709878369035][main][error]["main~RefreshTokenManager~refreshToken: No Access Token Received"]
[4777][1709878384740][main][error]["main~RefreshTokenManager~refreshToken: No Access Token Received"]
[4777][1709878417575][main][error]["main~RefreshTokenManager~refreshToken: No Access Token Received"]
[4777][1709878426714][main][error]["main~RefreshTokenManager~refreshToken: No Access Token Received"]
[4777][1709878427490][main][error]["main~RefreshTokenManager~refreshToken: No Access Token Received"]
[4777][1709878434188][main][error]["main~RefreshTokenManager~refreshToken: No Access Token Received"]
[4777][1709903709934][main][info]["WindowManager~closeHandler - Closed Window (id: 1 )"]
[4777][1709903709939][main][error]["Main~handleUncaughtError - Uncaught errors",{"name":"TypeError","message":"Cannot read properties of undefined (reading 'send')","stack":"TypeError: Cannot read properties of undefined (reading 'send')\n    at Object.sendMessageToInterceptor (/home/yossef/src/Postman/app/resources/app/services/websocketServer.js:144:10)\n    at Object.requesterWindowHandler (/home/yossef/src/Postman/app/resources/app/services/websocketServer.js:389:14)\n    at EventEmitter.emit (node:events:539:35)\n    at EventEmitter.emit (node:domain:475:12)\n    at _dispatch (/home/yossef/src/Postman/app/resources/app/common/_event-bus.js:256:14)\n    at EventBus._publish (/home/yossef/src/Postman/app/resources/app/common/_event-bus.js:207:9)\n    at Object.closedHandler (/home/yossef/src/Postman/app/resources/app/services/windowManager.js:1078:18)\n    at BrowserWindow.emit (node:events:527:28)\n    at BrowserWindow.emit (node:domain:475:12)"}]
[982][1709941056556][main][info]["Booting Postman 10.23.9, linux-6.7.7-artix1-1 on x64"]
[982][1709941056558][main][info]["EventBus~initialize - Success"]
[982][1709941056559][main][info]["Proxy configuration has not been setup"]
[982][1709941056560][main][info]["CloudProxyManager~init - Success"]
[982][1709941056575][main][info]["performShellDataMigration: Migration has already been done. Bailing out"]
[982][1709941056580][main][info]["UpdateHandler~init - Success"]
[982][1709941056581][main][info]["LeaderSelection: Initialized successfully"]
[982][1709941056582][main][info]["VersionDependencyService: Initialized successfully"]
[982][1709941056588][main][info]["LinuxAutoUpdater~Cleanup - Initial cleanup successful"]
[982][1709941056603][main][info]["GPU detected VID 4098 DID 5688 ACTIVE true"]
[982][1709941056618][main][info]["shellController~init: Success"]
[982][1709941056622][main][info]["shellMeta~init: Success"]
[982][1709941056622][main][info]["partitionMigrationService: State of V7 partition:"]
[982][1709941056622][main][info]["partitionMigrationService: V7 partitions",[]]
[982][1709941056622][main][info]["partitionMigrationService~rectifyNamespaceOfScratchPadPartition: There is no partition with scratchpad namespace"]
[982][1709941056622][main][info]["partitionMigrationService~rectifyNamespaceOfScratchPadPartition: There is no transit partition which could have been used for scratchpad"]
[982][1709941056622][main][info]["partitionMigrationService~init: Success"]
[982][1709941056629][main][info]["partitionMigrationService~runV8PartitionsIntegrity: Two way migration~ removing the following partitions from v8",[]]
[982][1709941056633][main][info]["userPartitionService~getRecentV8UserPartition: recent v8 user context partition ","2ad13000-1b7d-4193-9e93-59a7478db2b9"]
[982][1709941056633][main][info]["userPartitionService~_rectifyTheActivePartitionOfApplication: Setting the active partition to ","2ad13000-1b7d-4193-9e93-59a7478db2b9"]
[982][1709941056638][main][info]["userPartitionService~init: Success"]
[982][1709941056675][main][info]["userPartitionService: State of v8 partition system:"]
[982][1709941056677][main][info]["shell~init~getPartitionToLoad: loading active partition"]
[982][1709941056678][main][info]["userPartitionService: List of partitions:",[{"partitionId":"2ad13000-1b7d-4193-9e93-59a7478db2b9","namespace":"users","userId":"25137464","teamId":"0","lastUpdated":"2024-03-08T05:46:50.803Z"},{"partitionId":"3c95cf62-5b2b-4369-96bd-85a9ed594b34","namespace":"scratchPad","userId":0,"teamId":0,"isDirty":false}]]
[982][1709941056679][main][info]["userPartitionService: users global meta:",{}]
[982][1709941057841][main][info]["RuntimeIPCAgent~started: Success"]
[982][1709941058808][main][info]["Main~getRemoteInitPath:: "]
[982][1709941059137][main][info]["UpdateHandler~app-update-events - Received event",{"name":"checkForElectronVersionUpdated","namespace":"appUpdate"}]
[982][1709941059149][main][info]["windowManager: First requester booted successfully."]
[982][1709941059149][main][info]["windowManager~restoreWindows: Restoring requester windows"]
[982][1709941059150][main][info]["Main~AppEvents - Received booted event for process requester.Version 10.23.11 UI Version: 10.23.11-ui-240306-2308 Desktop Platform Version: 10.23.9"]
[982][1709941059257][main][info]["Main~getRemoteInitPath:: "]
[982][1709941059723][main][info]["Main~getPlatformLaunchPerfMetrics"]
[982][1709941059983][main][info]["INTERCEPTOR CONNECTIVITY: Attempting to start websocket server on port 15611"]
[982][1709941060498][main][error]["Error while retrieving user key from keychain",{"name":"Error","message":"Unknown or unsupported transport “disabled” for address “disabled:”","stack":"Error: Unknown or unsupported transport “disabled” for address “disabled:”"}]
[982][1709941060554][main][info]["Main - model-events~user - (user, bootstrapUser) received"]
[982][1709941060554][main][info]["model-events~user - bootstrapUser received"]
[982][1709941060567][main][info]["userPartitionService~associateTransitPartition: ",{"partitionId":"2ad13000-1b7d-4193-9e93-59a7478db2b9","context":{"namespace":"users","userId":"25137464","teamId":"0"}}]
[982][1709941060586][main][info]["userPartitionService: State of v8 partition system:"]
[982][1709941060589][main][info]["userPartitionService: List of partitions:",[{"partitionId":"2ad13000-1b7d-4193-9e93-59a7478db2b9","namespace":"users","userId":"25137464","teamId":"0","lastUpdated":"2024-03-08T23:37:40.567Z"},{"partitionId":"3c95cf62-5b2b-4369-96bd-85a9ed594b34","namespace":"scratchPad","userId":0,"teamId":0,"isDirty":false}]]
[982][1709941060589][main][info]["userPartitionService: users global meta:",{}]
[982][1709954991954][main][error]["main~RefreshTokenManager~refreshToken: No Access Token Received"]
[982][1709954993820][main][error]["main~RefreshTokenManager~refreshToken: No Access Token Received"]
[982][1709955003978][main][error]["main~RefreshTokenManager~refreshToken: No Access Token Received"]
[982][1709955004654][main][error]["main~RefreshTokenManager~refreshToken: No Access Token Received"]
[982][1709955021600][main][error]["main~RefreshTokenManager~refreshToken: No Access Token Received"]
[982][1709955100058][main][error]["main~RefreshTokenManager~refreshToken: No Access Token Received"]
[982][1709955101022][main][error]["main~RefreshTokenManager~refreshToken: No Access Token Received"]
[982][1709955107533][main][error]["main~RefreshTokenManager~refreshToken: No Access Token Received"]
[982][1709955108440][main][error]["main~RefreshTokenManager~refreshToken: No Access Token Received"]
[982][1709955358574][main][error]["main~RefreshTokenManager~refreshToken: No Access Token Received"]
[982][1709957531235][main][error]["main~RefreshTokenManager~refreshToken: No Access Token Received"]
[982][1709957539363][main][error]["main~RefreshTokenManager~refreshToken: No Access Token Received"]
[982][1709957543854][main][error]["main~RefreshTokenManager~refreshToken: No Access Token Received"]
[982][1709957546656][main][error]["main~RefreshTokenManager~refreshToken: No Access Token Received"]
[982][1709957559091][main][error]["main~RefreshTokenManager~refreshToken: No Access Token Received"]
[982][1709957606963][main][error]["main~RefreshTokenManager~refreshToken: No Access Token Received"]
[982][1709957819565][main][error]["main~RefreshTokenManager~refreshToken: No Access Token Received"]
[982][1709957828015][main][error]["main~RefreshTokenManager~refreshToken: No Access Token Received"]
[982][1709957935996][main][error]["main~RefreshTokenManager~refreshToken: No Access Token Received"]
[982][1709957951662][main][error]["main~RefreshTokenManager~refreshToken: No Access Token Received"]
[982][1709958157930][main][error]["main~RefreshTokenManager~refreshToken: No Access Token Received"]
[982][1709958163643][main][error]["main~RefreshTokenManager~refreshToken: No Access Token Received"]
[982][1709958868097][main][error]["main~RefreshTokenManager~refreshToken: No Access Token Received"]
[982][1709958984187][main][error]["main~RefreshTokenManager~refreshToken: No Access Token Received"]
[982][1709958984927][main][error]["main~RefreshTokenManager~refreshToken: No Access Token Received"]
[982][1709959196371][main][error]["main~RefreshTokenManager~refreshToken: No Access Token Received"]
[982][1709959340609][main][error]["main~RefreshTokenManager~refreshToken: No Access Token Received"]
[982][1709959518975][main][error]["main~RefreshTokenManager~refreshToken: No Access Token Received"]
[982][1709959520090][main][error]["main~RefreshTokenManager~refreshToken: No Access Token Received"]
[982][1709959529224][main][error]["main~RefreshTokenManager~refreshToken: No Access Token Received"]
[982][1709959553098][main][error]["main~RefreshTokenManager~refreshToken: No Access Token Received"]
[982][1709959623708][main][error]["main~RefreshTokenManager~refreshToken: No Access Token Received"]
[982][1709959720564][main][error]["main~RefreshTokenManager~refreshToken: No Access Token Received"]
[982][1709959722769][main][error]["main~RefreshTokenManager~refreshToken: No Access Token Received"]
[982][1709959732891][main][error]["main~RefreshTokenManager~refreshToken: No Access Token Received"]
[982][1709959734695][main][error]["main~RefreshTokenManager~refreshToken: No Access Token Received"]
[982][1709959782973][main][error]["main~RefreshTokenManager~refreshToken: No Access Token Received"]
[982][1709959783738][main][error]["main~RefreshTokenManager~refreshToken: No Access Token Received"]
[982][1709959792885][main][error]["main~RefreshTokenManager~refreshToken: No Access Token Received"]
[982][1709959810617][main][error]["main~RefreshTokenManager~refreshToken: No Access Token Received"]
[982][1709959811325][main][error]["main~RefreshTokenManager~refreshToken: No Access Token Received"]
[982][1709959812082][main][error]["main~RefreshTokenManager~refreshToken: No Access Token Received"]
[982][1709960095537][main][error]["main~RefreshTokenManager~refreshToken: No Access Token Received"]
[982][1709960103147][main][error]["main~RefreshTokenManager~refreshToken: No Access Token Received"]
[982][1709960104716][main][error]["main~RefreshTokenManager~refreshToken: No Access Token Received"]
[982][1709960105488][main][error]["main~RefreshTokenManager~refreshToken: No Access Token Received"]
[982][1709960107932][main][error]["main~RefreshTokenManager~refreshToken: No Access Token Received"]
[982][1709960108679][main][error]["main~RefreshTokenManager~refreshToken: No Access Token Received"]
[982][1709960121371][main][error]["main~RefreshTokenManager~refreshToken: No Access Token Received"]
[982][1709960129776][main][error]["main~RefreshTokenManager~refreshToken: No Access Token Received"]
[982][1709960139830][main][error]["main~RefreshTokenManager~refreshToken: No Access Token Received"]
[982][1709960142262][main][error]["main~RefreshTokenManager~refreshToken: No Access Token Received"]
[982][1709960283454][main][error]["main~RefreshTokenManager~refreshToken: No Access Token Received"]
[982][1709960284614][main][error]["main~RefreshTokenManager~refreshToken: No Access Token Received"]
[982][1709960285720][main][error]["main~RefreshTokenManager~refreshToken: No Access Token Received"]
[982][1709960286562][main][error]["main~RefreshTokenManager~refreshToken: No Access Token Received"]
[982][1709960288626][main][error]["main~RefreshTokenManager~refreshToken: No Access Token Received"]
[982][1709960289439][main][error]["main~RefreshTokenManager~refreshToken: No Access Token Received"]
[982][1709960302734][main][error]["main~RefreshTokenManager~refreshToken: No Access Token Received"]
[982][1709960303540][main][error]["main~RefreshTokenManager~refreshToken: No Access Token Received"]
[982][1709960312889][main][error]["main~RefreshTokenManager~refreshToken: No Access Token Received"]
[982][1709960363072][main][error]["main~RefreshTokenManager~refreshToken: No Access Token Received"]
[982][1709960363908][main][error]["main~RefreshTokenManager~refreshToken: No Access Token Received"]
[982][1709960391645][main][error]["main~RefreshTokenManager~refreshToken: No Access Token Received"]
[982][1709960394293][main][error]["main~RefreshTokenManager~refreshToken: No Access Token Received"]
[982][1709960398426][main][error]["main~RefreshTokenManager~refreshToken: No Access Token Received"]
[982][1709960415145][main][error]["main~RefreshTokenManager~refreshToken: No Access Token Received"]
[982][1709960443920][main][error]["main~RefreshTokenManager~refreshToken: No Access Token Received"]
[982][1709960450025][main][error]["main~RefreshTokenManager~refreshToken: No Access Token Received"]
[982][1709960454684][main][error]["main~RefreshTokenManager~refreshToken: No Access Token Received"]
[982][1709960460575][main][error]["main~RefreshTokenManager~refreshToken: No Access Token Received"]
[982][1709960825933][main][error]["main~RefreshTokenManager~refreshToken: No Access Token Received"]
[982][1709960829823][main][error]["main~RefreshTokenManager~refreshToken: No Access Token Received"]
[982][1709960832742][main][error]["main~RefreshTokenManager~refreshToken: No Access Token Received"]
[982][1709960835383][main][error]["main~RefreshTokenManager~refreshToken: No Access Token Received"]
[982][1709960856157][main][error]["main~RefreshTokenManager~refreshToken: No Access Token Received"]
[982][1709960862541][main][error]["main~RefreshTokenManager~refreshToken: No Access Token Received"]
[982][1709960863998][main][error]["main~RefreshTokenManager~refreshToken: No Access Token Received"]
[982][1709960865404][main][error]["main~RefreshTokenManager~refreshToken: No Access Token Received"]
[982][1709960866846][main][error]["main~RefreshTokenManager~refreshToken: No Access Token Received"]
[982][1709960871164][main][error]["main~RefreshTokenManager~refreshToken: No Access Token Received"]
[982][1709960878567][main][error]["main~RefreshTokenManager~refreshToken: No Access Token Received"]
[982][1709960885009][main][error]["main~RefreshTokenManager~refreshToken: No Access Token Received"]
[982][1709960887761][main][error]["main~RefreshTokenManager~refreshToken: No Access Token Received"]
[982][1709961145597][main][error]["main~RefreshTokenManager~refreshToken: No Access Token Received"]
[982][1709961146452][main][error]["main~RefreshTokenManager~refreshToken: No Access Token Received"]
[982][1709961147109][main][error]["main~RefreshTokenManager~refreshToken: No Access Token Received"]
[982][1709961150557][main][error]["main~RefreshTokenManager~refreshToken: No Access Token Received"]
[982][1709961154360][main][error]["main~RefreshTokenManager~refreshToken: No Access Token Received"]
[982][1709961157238][main][error]["main~RefreshTokenManager~refreshToken: No Access Token Received"]
[982][1709961163780][main][error]["main~RefreshTokenManager~refreshToken: No Access Token Received"]
[982][1709961165841][main][error]["main~RefreshTokenManager~refreshToken: No Access Token Received"]
[982][1709961258387][main][error]["main~RefreshTokenManager~refreshToken: No Access Token Received"]
[982][1709961288034][main][error]["main~RefreshTokenManager~refreshToken: No Access Token Received"]
[982][1709961566154][main][error]["main~RefreshTokenManager~refreshToken: No Access Token Received"]
[982][1709961578986][main][error]["main~RefreshTokenManager~refreshToken: No Access Token Received"]
[982][1709961917046][main][error]["main~RefreshTokenManager~refreshToken: No Access Token Received"]
[982][1709961937893][main][error]["main~RefreshTokenManager~refreshToken: No Access Token Received"]
[982][1709961940062][main][error]["main~RefreshTokenManager~refreshToken: No Access Token Received"]
[982][1709961963734][main][error]["main~RefreshTokenManager~refreshToken: No Access Token Received"]
[982][1709962043757][main][error]["main~RefreshTokenManager~refreshToken: No Access Token Received"]
[982][1709962070363][main][error]["main~RefreshTokenManager~refreshToken: No Access Token Received"]
[982][1709962077494][main][error]["main~RefreshTokenManager~refreshToken: No Access Token Received"]
[982][1709962082430][main][error]["main~RefreshTokenManager~refreshToken: No Access Token Received"]
[982][1709962102830][main][error]["main~RefreshTokenManager~refreshToken: No Access Token Received"]
[982][1709962116558][main][error]["main~RefreshTokenManager~refreshToken: No Access Token Received"]
[982][1709962154873][main][error]["main~RefreshTokenManager~refreshToken: No Access Token Received"]
[982][1709962168428][main][error]["main~RefreshTokenManager~refreshToken: No Access Token Received"]
[982][1709962268194][main][error]["main~RefreshTokenManager~refreshToken: No Access Token Received"]
[982][1709966303406][main][error]["main~RefreshTokenManager~refreshToken: No Access Token Received"]
[982][1709966306314][main][error]["main~RefreshTokenManager~refreshToken: No Access Token Received"]
[982][1709966314562][main][error]["main~RefreshTokenManager~refreshToken: No Access Token Received"]
[982][1709966317858][main][error]["main~RefreshTokenManager~refreshToken: No Access Token Received"]
[982][1709966333471][main][error]["main~RefreshTokenManager~refreshToken: No Access Token Received"]
[982][1709966334581][main][error]["main~RefreshTokenManager~refreshToken: No Access Token Received"]
[982][1709966343625][main][error]["main~RefreshTokenManager~refreshToken: No Access Token Received"]
[982][1709966358701][main][error]["main~RefreshTokenManager~refreshToken: No Access Token Received"]
[982][1709966370463][main][error]["main~RefreshTokenManager~refreshToken: No Access Token Received"]
[982][1709966375446][main][error]["main~RefreshTokenManager~refreshToken: No Access Token Received"]
[982][1709966388321][main][error]["main~RefreshTokenManager~refreshToken: No Access Token Received"]
[982][1709966418489][main][error]["main~RefreshTokenManager~refreshToken: No Access Token Received"]
[982][1709966474632][main][error]["main~RefreshTokenManager~refreshToken: No Access Token Received"]
[982][1709966480051][main][error]["main~RefreshTokenManager~refreshToken: No Access Token Received"]
[982][1709966491557][main][error]["main~RefreshTokenManager~refreshToken: No Access Token Received"]
[982][1709966496405][main][error]["main~RefreshTokenManager~refreshToken: No Access Token Received"]
[982][1709966502915][main][error]["main~RefreshTokenManager~refreshToken: No Access Token Received"]
[982][1709966504013][main][error]["main~RefreshTokenManager~refreshToken: No Access Token Received"]
[982][1709966508514][main][error]["main~RefreshTokenManager~refreshToken: No Access Token Received"]
[982][1709966512161][main][error]["main~RefreshTokenManager~refreshToken: No Access Token Received"]
[982][1709966512944][main][error]["main~RefreshTokenManager~refreshToken: No Access Token Received"]
[982][1709966517182][main][error]["main~RefreshTokenManager~refreshToken: No Access Token Received"]
[982][1709966527523][main][error]["main~RefreshTokenManager~refreshToken: No Access Token Received"]
[982][1709966547756][main][error]["main~RefreshTokenManager~refreshToken: No Access Token Received"]
[982][1709966597616][main][error]["main~RefreshTokenManager~refreshToken: No Access Token Received"]
[982][1709966601594][main][error]["main~RefreshTokenManager~refreshToken: No Access Token Received"]
[982][1709966605811][main][error]["main~RefreshTokenManager~refreshToken: No Access Token Received"]
[982][1709966608519][main][error]["main~RefreshTokenManager~refreshToken: No Access Token Received"]
[982][1709966797081][main][error]["main~RefreshTokenManager~refreshToken: No Access Token Received"]
[982][1709966803436][main][error]["main~RefreshTokenManager~refreshToken: No Access Token Received"]
[982][1709966896246][main][error]["main~RefreshTokenManager~refreshToken: No Access Token Received"]
[982][1709966901580][main][error]["main~RefreshTokenManager~refreshToken: No Access Token Received"]
[982][1709966906433][main][error]["main~RefreshTokenManager~refreshToken: No Access Token Received"]
[982][1709966911652][main][error]["main~RefreshTokenManager~refreshToken: No Access Token Received"]
[982][1709966929713][main][error]["main~RefreshTokenManager~refreshToken: No Access Token Received"]
[982][1709967294976][main][error]["main~RefreshTokenManager~refreshToken: No Access Token Received"]
[982][1709967298223][main][error]["main~RefreshTokenManager~refreshToken: No Access Token Received"]
[982][1709967351170][main][error]["main~RefreshTokenManager~refreshToken: No Access Token Received"]
[982][1709967934499][main][info]["WindowManager~closeHandler - Closed Window (id: 1 )"]
[982][1709967934507][main][error]["Main~handleUncaughtError - Uncaught errors",{"name":"TypeError","message":"Cannot read properties of undefined (reading 'send')","stack":"TypeError: Cannot read properties of undefined (reading 'send')\n    at Object.sendMessageToInterceptor (/home/yossef/src/Postman/app/resources/app/services/websocketServer.js:144:10)\n    at Object.requesterWindowHandler (/home/yossef/src/Postman/app/resources/app/services/websocketServer.js:389:14)\n    at EventEmitter.emit (node:events:539:35)\n    at EventEmitter.emit (node:domain:475:12)\n    at _dispatch (/home/yossef/src/Postman/app/resources/app/common/_event-bus.js:256:14)\n    at EventBus._publish (/home/yossef/src/Postman/app/resources/app/common/_event-bus.js:207:9)\n    at Object.closedHandler (/home/yossef/src/Postman/app/resources/app/services/windowManager.js:1078:18)\n    at BrowserWindow.emit (node:events:527:28)\n    at BrowserWindow.emit (node:domain:475:12)"}]
[13953][1710048459485][main][info]["Booting Postman 10.23.9, linux-6.7.7-artix1-1 on x64"]
[13953][1710048459487][main][info]["EventBus~initialize - Success"]
[13953][1710048459488][main][info]["Proxy configuration has not been setup"]
[13953][1710048459489][main][info]["CloudProxyManager~init - Success"]
[13953][1710048459504][main][info]["performShellDataMigration: Migration has already been done. Bailing out"]
[13953][1710048459509][main][info]["UpdateHandler~init - Success"]
[13953][1710048459510][main][info]["LeaderSelection: Initialized successfully"]
[13953][1710048459511][main][info]["VersionDependencyService: Initialized successfully"]
[13953][1710048459516][main][info]["LinuxAutoUpdater~Cleanup - Initial cleanup successful"]
[13953][1710048459529][main][info]["GPU detected VID 4098 DID 5688 ACTIVE true"]
[13953][1710048459548][main][info]["shellController~init: Success"]
[13953][1710048459552][main][info]["shellMeta~init: Success"]
[13953][1710048459552][main][info]["partitionMigrationService: State of V7 partition:"]
[13953][1710048459552][main][info]["partitionMigrationService: V7 partitions",[]]
[13953][1710048459552][main][info]["partitionMigrationService~rectifyNamespaceOfScratchPadPartition: There is no partition with scratchpad namespace"]
[13953][1710048459552][main][info]["partitionMigrationService~rectifyNamespaceOfScratchPadPartition: There is no transit partition which could have been used for scratchpad"]
[13953][1710048459553][main][info]["partitionMigrationService~init: Success"]
[13953][1710048459561][main][info]["partitionMigrationService~runV8PartitionsIntegrity: Two way migration~ removing the following partitions from v8",[]]
[13953][1710048459564][main][info]["userPartitionService~getRecentV8UserPartition: recent v8 user context partition ","2ad13000-1b7d-4193-9e93-59a7478db2b9"]
[13953][1710048459564][main][info]["userPartitionService~_rectifyTheActivePartitionOfApplication: Setting the active partition to ","2ad13000-1b7d-4193-9e93-59a7478db2b9"]
[13953][1710048459569][main][info]["userPartitionService~init: Success"]
[13953][1710048459587][main][info]["userPartitionService: State of v8 partition system:"]
[13953][1710048459589][main][info]["shell~init~getPartitionToLoad: loading active partition"]
[13953][1710048459590][main][info]["userPartitionService: List of partitions:",[{"partitionId":"2ad13000-1b7d-4193-9e93-59a7478db2b9","namespace":"users","userId":"25137464","teamId":"0","lastUpdated":"2024-03-08T23:37:40.567Z"},{"partitionId":"3c95cf62-5b2b-4369-96bd-85a9ed594b34","namespace":"scratchPad","userId":0,"teamId":0,"isDirty":false}]]
[13953][1710048459591][main][info]["userPartitionService: users global meta:",{}]
[13953][1710048460945][main][info]["RuntimeIPCAgent~started: Success"]
[13953][1710048463663][main][info]["Main~getRemoteInitPath:: "]
[13953][1710048463989][main][info]["UpdateHandler~app-update-events - Received event",{"name":"checkForElectronVersionUpdated","namespace":"appUpdate"}]
[13953][1710048464001][main][info]["windowManager: First requester booted successfully."]
[13953][1710048464002][main][info]["windowManager~restoreWindows: Restoring requester windows"]
[13953][1710048464002][main][info]["Main~AppEvents - Received booted event for process requester.Version 10.23.12 UI Version: 10.23.12-ui-240308-0814 Desktop Platform Version: 10.23.9"]
[13953][1710048464104][main][info]["Main~getRemoteInitPath:: "]
[13953][1710048464523][main][info]["Main~getPlatformLaunchPerfMetrics"]
[13953][1710048464604][main][info]["INTERCEPTOR CONNECTIVITY: Attempting to start websocket server on port 15611"]
[13953][1710048465298][main][error]["Error while retrieving user key from keychain",{"name":"Error","message":"Unknown or unsupported transport “disabled” for address “disabled:”","stack":"Error: Unknown or unsupported transport “disabled” for address “disabled:”"}]
[13953][1710048465374][main][info]["Main - model-events~user - (user, bootstrapUser) received"]
[13953][1710048465375][main][info]["model-events~user - bootstrapUser received"]
[13953][1710048465384][main][info]["userPartitionService~associateTransitPartition: ",{"partitionId":"2ad13000-1b7d-4193-9e93-59a7478db2b9","context":{"namespace":"users","userId":"25137464","teamId":"0"}}]
[13953][1710048465397][main][info]["userPartitionService: State of v8 partition system:"]
[13953][1710048465399][main][info]["userPartitionService: List of partitions:",[{"partitionId":"2ad13000-1b7d-4193-9e93-59a7478db2b9","namespace":"users","userId":"25137464","teamId":"0","lastUpdated":"2024-03-10T05:27:45.384Z"},{"partitionId":"3c95cf62-5b2b-4369-96bd-85a9ed594b34","namespace":"scratchPad","userId":0,"teamId":0,"isDirty":false}]]
[13953][1710048465399][main][info]["userPartitionService: users global meta:",{}]
[13953][1710048953856][main][error]["main~RefreshTokenManager~refreshToken: No Access Token Received"]
[13953][1710049062840][main][error]["main~RefreshTokenManager~refreshToken: No Access Token Received"]
[13953][1710049702438][main][error]["main~RefreshTokenManager~refreshToken: No Access Token Received"]
[13953][1710049783363][main][error]["main~RefreshTokenManager~refreshToken: No Access Token Received"]
[13953][1710049786717][main][error]["main~RefreshTokenManager~refreshToken: No Access Token Received"]
[13953][1710049791908][main][error]["main~RefreshTokenManager~refreshToken: No Access Token Received"]
[13953][1710049806926][main][error]["main~RefreshTokenManager~refreshToken: No Access Token Received"]
[13953][1710049811839][main][error]["main~RefreshTokenManager~refreshToken: No Access Token Received"]
[13953][1710049875912][main][error]["main~RefreshTokenManager~refreshToken: No Access Token Received"]
[13953][1710077193527][main][info]["WindowManager~closeHandler - Closed Window (id: 1 )"]
[13953][1710077193532][main][error]["Main~handleUncaughtError - Uncaught errors",{"name":"TypeError","message":"Cannot read properties of undefined (reading 'send')","stack":"TypeError: Cannot read properties of undefined (reading 'send')\n    at Object.sendMessageToInterceptor (/home/yossef/src/Postman/app/resources/app/services/websocketServer.js:144:10)\n    at Object.requesterWindowHandler (/home/yossef/src/Postman/app/resources/app/services/websocketServer.js:389:14)\n    at EventEmitter.emit (node:events:539:35)\n    at EventEmitter.emit (node:domain:475:12)\n    at _dispatch (/home/yossef/src/Postman/app/resources/app/common/_event-bus.js:256:14)\n    at EventBus._publish (/home/yossef/src/Postman/app/resources/app/common/_event-bus.js:207:9)\n    at Object.closedHandler (/home/yossef/src/Postman/app/resources/app/services/windowManager.js:1078:18)\n    at BrowserWindow.emit (node:events:527:28)\n    at BrowserWindow.emit (node:domain:475:12)"}]
